\BOOKMARK [1][-]{section.1}{Introducci\363n}{}% 1
\BOOKMARK [2][-]{subsection.1.1}{Contexto y motivaci\363n}{section.1}% 2
\BOOKMARK [2][-]{subsection.1.2}{Objetivos}{section.1}% 3
\BOOKMARK [2][-]{subsection.1.3}{Estructura de la memoria}{section.1}% 4
\BOOKMARK [1][-]{section.2}{Estado del arte}{}% 5
\BOOKMARK [1][-]{section.3}{Definici\363n del problema}{}% 6
\BOOKMARK [2][-]{subsection.3.1}{Planteamiento}{section.3}% 7
\BOOKMARK [2][-]{subsection.3.2}{Fundamentos f\355sicos de la energ\355a e\363lica}{section.3}% 8
\BOOKMARK [2][-]{subsection.3.3}{M\351todos de aprendizaje autom\341tico}{section.3}% 9
\BOOKMARK [1][-]{section.4}{Metodolog\355a}{}% 10
\BOOKMARK [2][-]{subsection.4.1}{Obtenci\363n de los datos}{section.4}% 11
\BOOKMARK [2][-]{subsection.4.2}{An\341lisis exploratorio de los datos}{section.4}% 12
\BOOKMARK [2][-]{subsection.4.3}{Preparaci\363n de los datos}{section.4}% 13
\BOOKMARK [3][-]{subsubsection.4.3.1}{Limpieza}{subsection.4.3}% 14
\BOOKMARK [3][-]{subsubsection.4.3.2}{Selecci\363n de variables}{subsection.4.3}% 15
\BOOKMARK [3][-]{subsubsection.4.3.3}{Feature engineering}{subsection.4.3}% 16
\BOOKMARK [1][-]{section.5}{Modelizaci\363n}{}% 17
\BOOKMARK [2][-]{subsection.5.1}{Entrenamiento}{section.5}% 18
\BOOKMARK [2][-]{subsection.5.2}{Validaci\363n}{section.5}% 19
\BOOKMARK [2][-]{subsection.5.3}{Selecci\363n de los mejores modelos}{section.5}% 20
\BOOKMARK [1][-]{section.6}{Ajuste fino del sistema}{}% 21
\BOOKMARK [2][-]{subsection.6.1}{Ajuste de hiperpar\341metros}{section.6}% 22
\BOOKMARK [2][-]{subsection.6.2}{Combinaci\363n de modelos}{section.6}% 23
\BOOKMARK [2][-]{subsection.6.3}{Rendimiento sobre los datos de test}{section.6}% 24
\BOOKMARK [1][-]{section.7}{Resultados y discusi\363n}{}% 25
\BOOKMARK [2][-]{subsection.7.1}{Algoritmo 1}{section.7}% 26
\BOOKMARK [2][-]{subsection.7.2}{Algoritmo 2}{section.7}% 27
\BOOKMARK [2][-]{subsection.7.3}{Combinaci\363n de predicciones}{section.7}% 28
\BOOKMARK [2][-]{subsection.7.4}{Comparaci\363n de algoritmos: m\351tricas}{section.7}% 29
\BOOKMARK [2][-]{subsection.7.5}{Variables m\341s influyentes}{section.7}% 30
\BOOKMARK [1][-]{section.8}{Conclusiones y trabajos futuros}{}% 31
\BOOKMARK [1][-]{section*.2}{Referencias}{}% 32
